sampleA,1,2,3,4,5,65,6,7,8,89,9,,9,8,111
sampleA,1,2,3,4,5,65,6,7,8,89,9,,9,8,222
sampleA,1,2,270,4,5,65,6,118,333
sampleB,1,2,3,4,5,65,6,7,8,89,9,,9,118,555
sampleB,1,2,3,4,5,65,6,7,8,89,9,,9,181,666
sampleA,1,2,330,4,5,65,6,158,333
sampleA,1,2,3,4,5,65,6,7,8,89,9,,9,8,111
sampleA,1,2,3,4,5,65,6,7,8,89,9,,9,8,222
sampleA,1,2,270,4,5,65,6,118,333
sampleB,1,2,3,4,5,65,6,7,8,89,9,,9,118,555
sampleB,1,2,3,4,5,65,6,7,8,89,9,,9,181,666
sampleA,1,2,330,4,5,65,6,158,333
sampleA,1,2,3,4,5,65,6,7,8,89,9,,9,8,111
sampleA,1,2,3,4,5,65,6,7,8,89,9,,9,8,222
sampleA,1,2,270,4,5,65,6,118,333
sampleB,1,2,3,4,5,65,6,7,8,89,9,,9,118,555
sampleB,1,2,3,4,5,65,6,7,8,89,9,,9,181,666
sampleA,1,2,330,4,5,65,6,158,333
sampleA,1,2,3,4,5,65,6,7,8,89,9,,9,8,111
sampleA,1,2,3,4,5,65,6,7,8,89,9,,9,8,222
sampleA,1,2,270,4,5,65,6,118,333
sampleB,1,2,3,4,5,65,6,7,8,89,9,,9,118,555
sampleB,1,2,3,4,5,65,6,7,8,89,9,,9,181,666
sampleA,1,2,330,4,5,65,6,158,333
sampleA,1,2,3,4,5,65,6,7,8,89,9,,9,8,111
sampleA,1,2,3,4,5,65,6,7,8,89,9,,9,8,222
sampleA,1,2,270,4,5,65,6,118,333
sampleB,1,2,3,4,5,65,6,7,8,89,9,,9,118,555
sampleB,1,2,3,4,5,65,6,7,8,89,9,,9,181,666
sampleA,1,2,330,4,5,65,6,158,333
sampleA,1,2,3,4,5,65,6,7,8,89,9,,9,8,111
sampleA,1,2,3,4,5,65,6,7,8,89,9,,9,8,222
sampleA,1,2,270,4,5,65,6,118,333
sampleB,1,2,3,4,5,65,6,7,8,89,9,,9,118,555
sampleB,1,2,3,4,5,65,6,7,8,89,9,,9,181,666
sampleA,1,2,330,4,5,65,6,158,333
sampleA,1,2,3,4,5,65,6,7,8,89,9,,9,8,111
sampleA,1,2,3,4,5,65,6,7,8,89,9,,9,8,222
sampleA,1,2,270,4,5,65,6,118,333
sampleB,1,2,3,4,5,65,6,7,8,89,9,,9,118,555
sampleB,1,2,3,4,5,65,6,7,8,89,9,,9,181,666
sampleA,1,2,330,4,5,65,6,158,333
sampleA,1,2,3,4,5,65,6,7,8,89,9,,9,8,111
sampleA,1,2,3,4,5,65,6,7,8,89,9,,9,8,222
sampleA,1,2,270,4,5,65,6,118,333
sampleB,1,2,3,4,5,65,6,7,8,89,9,,9,118,555
sampleB,1,2,3,4,5,65,6,7,8,89,9,,9,181,666
sampleA,1,2,330,4,5,65,6,158,333
sampleA,1,2,3,4,5,65,6,7,8,89,9,,9,8,111
sampleA,1,2,3,4,5,65,6,7,8,89,9,,9,8,222
sampleA,1,2,270,4,5,65,6,118,333
sampleB,1,2,3,4,5,65,6,7,8,89,9,,9,118,555
sampleB,1,2,3,4,5,65,6,7,8,89,9,,9,181,666
sampleA,1,2,330,4,5,65,6,158,333
sampleA,1,2,3,4,5,65,6,7,8,89,9,,9,8,111
sampleA,1,2,3,4,5,65,6,7,8,89,9,,9,8,222
sampleA,1,2,270,4,5,65,6,118,333
sampleB,1,2,3,4,5,65,6,7,8,89,9,,9,118,555
sampleB,1,2,3,4,5,65,6,7,8,89,9,,9,181,666
sampleA,1,2,330,4,5,65,6,158,333
